INFO 2025-08-05 02:05:32,397 autoreload 27864 9160 Watching for file changes with StatReloader
INFO 2025-08-05 02:05:41,554 basehttp 27864 28288 "GET /?id=fe0a6b77-03d8-4eb0-9aac-8cd04d221ec1&vscodeBrowserReqId=1754348741539 HTTP/1.1" 302 0
INFO 2025-08-05 02:05:41,661 basehttp 27864 28288 "GET /admin/login/?next=/%3Fid%3Dfe0a6b77-03d8-4eb0-9aac-8cd04d221ec1%26vscodeBrowserReqId%3D1754348741539 HTTP/1.1" 200 4509
INFO 2025-08-05 02:08:17,966 basehttp 27864 47812 "GET / HTTP/1.1" 302 0
INFO 2025-08-05 02:08:18,003 basehttp 27864 47812 "GET /admin/login/?next=/ HTTP/1.1" 200 4351
INFO 2025-08-05 02:08:18,296 basehttp 27864 47812 "GET /static/admin/css/base.css HTTP/1.1" 200 22120
INFO 2025-08-05 02:08:18,308 basehttp 27864 21496 "GET /static/admin/css/dark_mode.css HTTP/1.1" 200 2808
INFO 2025-08-05 02:08:18,354 basehttp 27864 44252 "GET /static/admin/js/theme.js HTTP/1.1" 200 1653
INFO 2025-08-05 02:08:18,358 basehttp 27864 48936 "GET /static/admin/css/nav_sidebar.css HTTP/1.1" 200 2810
INFO 2025-08-05 02:08:18,358 basehttp 27864 54844 "GET /static/admin/css/login.css HTTP/1.1" 200 951
INFO 2025-08-05 02:08:18,359 basehttp 27864 27828 "GET /static/admin/css/responsive.css HTTP/1.1" 200 16565
INFO 2025-08-05 02:08:18,375 basehttp 27864 44252 "GET /static/admin/js/nav_sidebar.js HTTP/1.1" 200 3063
WARNING 2025-08-05 02:08:18,431 log 27864 44252 Not Found: /favicon.ico
WARNING 2025-08-05 02:08:18,432 basehttp 27864 44252 "GET /favicon.ico HTTP/1.1" 404 6618
INFO 2025-08-05 02:08:27,767 basehttp 27864 44252 "POST /admin/login/?next=/ HTTP/1.1" 302 0
INFO 2025-08-05 02:08:27,798 basehttp 27864 44252 "GET / HTTP/1.1" 200 8058
INFO 2025-08-05 02:08:40,738 basehttp 27864 44252 "GET /users/ HTTP/1.1" 200 52983
INFO 2025-08-05 02:08:43,071 basehttp 27864 44252 "GET /groups/ HTTP/1.1" 200 8120
INFO 2025-08-05 02:08:46,640 basehttp 27864 44252 "GET /messages/ HTTP/1.1" 200 4353
INFO 2025-08-05 02:08:48,762 basehttp 27864 44252 "GET /logs/ HTTP/1.1" 200 5970
INFO 2025-08-05 02:08:50,151 basehttp 27864 44252 "GET /users/import/ HTTP/1.1" 200 8336
INFO 2025-08-05 02:09:09,780 basehttp 27864 44252 "GET /users/ HTTP/1.1" 200 52983
INFO 2025-08-05 02:09:18,958 basehttp 27864 44252 "GET /users/1/edit/ HTTP/1.1" 200 11067
INFO 2025-08-05 02:09:26,251 basehttp 27864 44252 "GET /users/ HTTP/1.1" 200 52983
INFO 2025-08-05 02:09:34,706 autoreload 27144 42684 Watching for file changes with StatReloader
INFO 2025-08-05 02:09:39,901 basehttp 27864 28288 "GET /?id=fe0a6b77-03d8-4eb0-9aac-8cd04d221ec1&vscodeBrowserReqId=1754348979897 HTTP/1.1" 302 0
INFO 2025-08-05 02:09:39,906 basehttp 27864 28288 "GET /admin/login/?next=/%3Fid%3Dfe0a6b77-03d8-4eb0-9aac-8cd04d221ec1%26vscodeBrowserReqId%3D1754348979897 HTTP/1.1" 200 4509
INFO 2025-08-05 02:11:10,714 basehttp 27864 44252 "GET /groups/ HTTP/1.1" 200 8120
INFO 2025-08-05 02:11:11,845 basehttp 27864 44252 "GET /messages/ HTTP/1.1" 200 4353
INFO 2025-08-05 02:11:13,559 basehttp 27864 44252 "GET / HTTP/1.1" 200 8058
INFO 2025-08-05 02:11:14,763 basehttp 27864 44252 "GET /users/ HTTP/1.1" 200 52983
INFO 2025-08-05 02:11:16,984 basehttp 27864 44252 "GET /users/1/edit/ HTTP/1.1" 200 11067
INFO 2025-08-05 02:11:34,166 autoreload 55120 12452 Watching for file changes with StatReloader
INFO 2025-08-05 02:11:39,389 basehttp 55120 41796 "GET /users/1/edit/ HTTP/1.1" 200 11067
INFO 2025-08-05 02:11:41,191 basehttp 55120 41796 "GET /messages/ HTTP/1.1" 200 4353
INFO 2025-08-05 02:11:41,735 basehttp 55120 41796 "GET /logs/ HTTP/1.1" 200 5970
INFO 2025-08-05 02:11:42,638 basehttp 55120 41796 "GET /users/ HTTP/1.1" 200 52983
INFO 2025-08-05 02:11:44,079 basehttp 55120 41796 "GET /groups/ HTTP/1.1" 200 8120
INFO 2025-08-05 02:11:44,698 basehttp 55120 41796 "GET /users/ HTTP/1.1" 200 52983
INFO 2025-08-05 02:11:48,185 basehttp 55120 41796 "GET /users/create/ HTTP/1.1" 200 11099
INFO 2025-08-05 02:11:52,147 basehttp 55120 41796 "GET /groups/ HTTP/1.1" 200 8120
INFO 2025-08-05 02:12:13,798 basehttp 55120 41796 "GET /users/import/ HTTP/1.1" 200 8336
INFO 2025-08-05 02:12:18,917 basehttp 55120 41796 "GET /logs/ HTTP/1.1" 200 5970
INFO 2025-08-05 02:12:19,604 basehttp 55120 41796 "GET /messages/ HTTP/1.1" 200 4353
INFO 2025-08-05 02:12:20,213 basehttp 55120 41796 "GET /groups/ HTTP/1.1" 200 8120
INFO 2025-08-05 02:12:21,171 basehttp 55120 41796 "GET /users/ HTTP/1.1" 200 52983
INFO 2025-08-05 02:12:22,060 basehttp 55120 41796 "GET / HTTP/1.1" 200 8058
INFO 2025-08-05 02:12:54,214 autoreload 55120 12452 C:\Users\admin\Documents\proj\photopoint\notification_system\settings.py changed, reloading.
INFO 2025-08-05 02:12:54,854 autoreload 16176 15972 Watching for file changes with StatReloader
